<?xml version="1.0" encoding="UTF-8" ?>
<testsuite tests="1" failures="0" name="testRunner.TestRun" time="9.373" errors="1" skipped="0">
  <properties>
[...]
</properties>
  <testcase classname="Login" name="Successful Login with Valid Credentials" time="9.373">
    <error message="element click intercepted: Element &lt;a class=&quot;nav-link&quot; href=&quot;/logout&quot;&gt;...&lt;/a&gt; is not clickable at point (1817, 28). Other element would receive the click: &lt;div id=&quot;ajaxBusy&quot; style=&quot;display: block;&quot;&gt;...&lt;/div&gt;
  (Session info: chrome=114.0.5735.134)
Build info: version: &apos;3.141.59&apos;, revision: &apos;e82be7d358&apos;, time: &apos;2018-11-14T08:17:03&apos;
System info: host: &apos;EXPECTO-PATRONU&apos;, ip: &apos;192.168.1.5&apos;, os.name: &apos;Windows 10&apos;, os.arch: &apos;amd64&apos;, os.version: &apos;10.0&apos;, java.version: &apos;11.0.18&apos;
Driver info: org.openqa.selenium.chrome.ChromeDriver
Capabilities {acceptInsecureCerts: false, browserName: chrome, browserVersion: 114.0.5735.134, chrome: {chromedriverVersion: 114.0.5735.90 (386bc09e8f4f..., userDataDir: C:\Users\Avinash\AppData\Lo...}, goog:chromeOptions: {debuggerAddress: localhost:53848}, javascriptEnabled: true, networkConnectionEnabled: false, pageLoadStrategy: normal, platform: WINDOWS, platformName: WINDOWS, proxy: Proxy(), setWindowRect: true, strictFileInteractability: false, timeouts: {implicit: 0, pageLoad: 300000, script: 30000}, unhandledPromptBehavior: dismiss and notify, webauthn:extension:credBlob: true, webauthn:extension:largeBlob: true, webauthn:extension:minPinLength: true, webauthn:extension:prf: true, webauthn:virtualAuthenticators: true}
Session ID: 83bde3e7a7ded7fae3c6b26510e8a44c" type="org.openqa.selenium.ElementClickInterceptedException">org.openqa.selenium.ElementClickInterceptedException: element click intercepted: Element &lt;a class=&quot;nav-link&quot; href=&quot;/logout&quot;&gt;...&lt;/a&gt; is not clickable at point (1817, 28). Other element would receive the click: &lt;div id=&quot;ajaxBusy&quot; style=&quot;display: block;&quot;&gt;...&lt;/div&gt;
  (Session info: chrome=114.0.5735.134)
Build info: version: &apos;3.141.59&apos;, revision: &apos;e82be7d358&apos;, time: &apos;2018-11-14T08:17:03&apos;
System info: host: &apos;EXPECTO-PATRONU&apos;, ip: &apos;192.168.1.5&apos;, os.name: &apos;Windows 10&apos;, os.arch: &apos;amd64&apos;, os.version: &apos;10.0&apos;, java.version: &apos;11.0.18&apos;
Driver info: org.openqa.selenium.chrome.ChromeDriver
Capabilities {acceptInsecureCerts: false, browserName: chrome, browserVersion: 114.0.5735.134, chrome: {chromedriverVersion: 114.0.5735.90 (386bc09e8f4f..., userDataDir: C:\Users\Avinash\AppData\Lo...}, goog:chromeOptions: {debuggerAddress: localhost:53848}, javascriptEnabled: true, networkConnectionEnabled: false, pageLoadStrategy: normal, platform: WINDOWS, platformName: WINDOWS, proxy: Proxy(), setWindowRect: true, strictFileInteractability: false, timeouts: {implicit: 0, pageLoad: 300000, script: 30000}, unhandledPromptBehavior: dismiss and notify, webauthn:extension:credBlob: true, webauthn:extension:largeBlob: true, webauthn:extension:minPinLength: true, webauthn:extension:prf: true, webauthn:virtualAuthenticators: true}
Session ID: 83bde3e7a7ded7fae3c6b26510e8a44c
	at java.base/jdk.internal.reflect.NativeConstructorAccessorImpl.newInstance0(Native Method)
	at java.base/jdk.internal.reflect.NativeConstructorAccessorImpl.newInstance(NativeConstructorAccessorImpl.java:62)
	at java.base/jdk.internal.reflect.DelegatingConstructorAccessorImpl.newInstance(DelegatingConstructorAccessorImpl.java:45)
	at java.base/java.lang.reflect.Constructor.newInstance(Constructor.java:490)
	at org.openqa.selenium.remote.http.W3CHttpResponseCodec.createException(W3CHttpResponseCodec.java:187)
	at org.openqa.selenium.remote.http.W3CHttpResponseCodec.decode(W3CHttpResponseCodec.java:122)
	at org.openqa.selenium.remote.http.W3CHttpResponseCodec.decode(W3CHttpResponseCodec.java:49)
	at org.openqa.selenium.remote.HttpCommandExecutor.execute(HttpCommandExecutor.java:158)
	at org.openqa.selenium.remote.service.DriverCommandExecutor.execute(DriverCommandExecutor.java:83)
	at org.openqa.selenium.remote.RemoteWebDriver.execute(RemoteWebDriver.java:552)
	at org.openqa.selenium.remote.RemoteWebElement.execute(RemoteWebElement.java:285)
	at org.openqa.selenium.remote.RemoteWebElement.click(RemoteWebElement.java:84)
	at java.base/jdk.internal.reflect.NativeMethodAccessorImpl.invoke0(Native Method)
	at java.base/jdk.internal.reflect.NativeMethodAccessorImpl.invoke(NativeMethodAccessorImpl.java:62)
	at java.base/jdk.internal.reflect.DelegatingMethodAccessorImpl.invoke(DelegatingMethodAccessorImpl.java:43)
	at java.base/java.lang.reflect.Method.invoke(Method.java:566)
	at org.openqa.selenium.support.pagefactory.internal.LocatingElementHandler.invoke(LocatingElementHandler.java:51)
	at com.sun.proxy.$Proxy19.click(Unknown Source)
	at pageObjects.LoginPage.clickLogout(LoginPage.java:51)
	at stepDefinitions.Steps.user_click_on_Log_out_link(Steps.java:117)
	at ✽.User click on Log out link(file:Features/Login.feature:10)
</error>
    <system-out>Feature: Login

  @sanity
  Scenario: Successful Login with Valid Credentials                        # Features/Login.feature:4
06-18-2023 23:16:24 Steps.java INFO  [main] nopcommerce 70 - ********* Launching browser***************
    Given User Launch Chrome browser                                       # Steps.user_Launch_Chrome_browser()
06-18-2023 23:16:24 Steps.java INFO  [main] nopcommerce 76 - ********* Opening URL***************
    When User opens URL &quot;http://admin-demo.nopcommerce.com/login&quot;          # Steps.user_opens_URL(String)
06-18-2023 23:16:25 Steps.java INFO  [main] nopcommerce 84 - ********* Proving user info ***************
    And User enters Email as &quot;admin@yourstore.com&quot; and Password as &quot;admin&quot; # Steps.user_enters_Email_as_and_Password_as(String,String)
    And Click on Login                                                     # Steps.click_on_Login()
06-18-2023 23:16:30 Steps.java INFO  [main] nopcommerce 98 - *********Login Validation starts ***************
06-18-2023 23:16:30 Steps.java INFO  [main] nopcommerce 107 - *********Login successfull ***************
    Then Page Title should be &quot;Dashboard / nopCommerce administration&quot;     # Steps.page_Title_should_be(String)
06-18-2023 23:16:30 Steps.java INFO  [main] nopcommerce 116 - *********Logout from application***************
    When User click on Log out link                                        # Steps.user_click_on_Log_out_link()
      org.openqa.selenium.ElementClickInterceptedException: element click intercepted: Element &lt;a class=&quot;nav-link&quot; href=&quot;/logout&quot;&gt;...&lt;/a&gt; is not clickable at point (1817, 28). Other element would receive the click: &lt;div id=&quot;ajaxBusy&quot; style=&quot;display: block;&quot;&gt;...&lt;/div&gt;
  (Session info: chrome=114.0.5735.134)
Build info: version: &apos;3.141.59&apos;, revision: &apos;e82be7d358&apos;, time: &apos;2018-11-14T08:17:03&apos;
System info: host: &apos;EXPECTO-PATRONU&apos;, ip: &apos;192.168.1.5&apos;, os.name: &apos;Windows 10&apos;, os.arch: &apos;amd64&apos;, os.version: &apos;10.0&apos;, java.version: &apos;11.0.18&apos;
Driver info: org.openqa.selenium.chrome.ChromeDriver
Capabilities {acceptInsecureCerts: false, browserName: chrome, browserVersion: 114.0.5735.134, chrome: {chromedriverVersion: 114.0.5735.90 (386bc09e8f4f..., userDataDir: C:\Users\Avinash\AppData\Lo...}, goog:chromeOptions: {debuggerAddress: localhost:53848}, javascriptEnabled: true, networkConnectionEnabled: false, pageLoadStrategy: normal, platform: WINDOWS, platformName: WINDOWS, proxy: Proxy(), setWindowRect: true, strictFileInteractability: false, timeouts: {implicit: 0, pageLoad: 300000, script: 30000}, unhandledPromptBehavior: dismiss and notify, webauthn:extension:credBlob: true, webauthn:extension:largeBlob: true, webauthn:extension:minPinLength: true, webauthn:extension:prf: true, webauthn:virtualAuthenticators: true}
Session ID: 83bde3e7a7ded7fae3c6b26510e8a44c
	at java.base/jdk.internal.reflect.NativeConstructorAccessorImpl.newInstance0(Native Method)
	at java.base/jdk.internal.reflect.NativeConstructorAccessorImpl.newInstance(NativeConstructorAccessorImpl.java:62)
	at java.base/jdk.internal.reflect.DelegatingConstructorAccessorImpl.newInstance(DelegatingConstructorAccessorImpl.java:45)
	at java.base/java.lang.reflect.Constructor.newInstance(Constructor.java:490)
	at org.openqa.selenium.remote.http.W3CHttpResponseCodec.createException(W3CHttpResponseCodec.java:187)
	at org.openqa.selenium.remote.http.W3CHttpResponseCodec.decode(W3CHttpResponseCodec.java:122)
	at org.openqa.selenium.remote.http.W3CHttpResponseCodec.decode(W3CHttpResponseCodec.java:49)
	at org.openqa.selenium.remote.HttpCommandExecutor.execute(HttpCommandExecutor.java:158)
	at org.openqa.selenium.remote.service.DriverCommandExecutor.execute(DriverCommandExecutor.java:83)
	at org.openqa.selenium.remote.RemoteWebDriver.execute(RemoteWebDriver.java:552)
	at org.openqa.selenium.remote.RemoteWebElement.execute(RemoteWebElement.java:285)
	at org.openqa.selenium.remote.RemoteWebElement.click(RemoteWebElement.java:84)
	at java.base/jdk.internal.reflect.NativeMethodAccessorImpl.invoke0(Native Method)
	at java.base/jdk.internal.reflect.NativeMethodAccessorImpl.invoke(NativeMethodAccessorImpl.java:62)
	at java.base/jdk.internal.reflect.DelegatingMethodAccessorImpl.invoke(DelegatingMethodAccessorImpl.java:43)
	at java.base/java.lang.reflect.Method.invoke(Method.java:566)
	at org.openqa.selenium.support.pagefactory.internal.LocatingElementHandler.invoke(LocatingElementHandler.java:51)
	at com.sun.proxy.$Proxy19.click(Unknown Source)
	at pageObjects.LoginPage.clickLogout(LoginPage.java:51)
	at stepDefinitions.Steps.user_click_on_Log_out_link(Steps.java:117)
	at ?.User click on Log out link(file:Features/Login.feature:10)

    Then Page Title should be &quot;Your store. Login&quot;                          # Steps.page_Title_should_be(String)
    And close browser                                                      # Steps.close_browser()
</system-out>
    <system-err>Starting ChromeDriver 114.0.5735.90 (386bc09e8f4f2e025eddae123f36f6263096ae49-refs/branch-heads/5735@{#1052}) on port 29814
Only local connections are allowed.
Please see https://chromedriver.chromium.org/security-considerations for suggestions on keeping ChromeDriver safe.
ChromeDriver was started successfully.
Jun 18, 2023 11:16:24 PM org.openqa.selenium.remote.ProtocolHandshake createSession
INFO: Detected dialect: W3C
</system-err>
  </testcase>
</testsuite>