<?xml version="1.0" encoding="UTF-8"?>
<testng-results skipped="0" failed="1" ignored="2" total="4" passed="1">
  <reporter-output>
  </reporter-output>
  <suite name="example suite 1" duration-ms="598" started-at="2018-11-10T18:36:33Z" finished-at="2018-11-10T18:36:34Z">
    <groups>
    </groups>
    <test name="Regression suite 1" duration-ms="598" started-at="2018-11-10T18:36:33Z" finished-at="2018-11-10T18:36:34Z">
      <class name="com.w2a.testcases.AddCustomerTest">
        <test-method status="FAIL" signature="addCustomer(java.lang.String, java.lang.String, java.lang.String, java.lang.String)[pri:0, instance:com.w2a.testcases.AddCustomerTest@1a12c68]" name="addCustomer" duration-ms="0" started-at="2018-11-11T00:06:34Z" data-provider="getData" finished-at="2018-11-11T00:06:34Z">
          <exception class="org.testng.TestNGException">
            <message>
              <![CDATA[
Method public void com.w2a.testcases.AddCustomerTest.addCustomer(java.lang.String,java.lang.String,java.lang.String,java.lang.String) throws java.lang.InterruptedException requires a @DataProvider named : getData]]>
            </message>
            <full-stacktrace>
              <![CDATA[org.testng.TestNGException: 
Method public void com.w2a.testcases.AddCustomerTest.addCustomer(java.lang.String,java.lang.String,java.lang.String,java.lang.String) throws java.lang.InterruptedException requires a @DataProvider named : getData
	at org.testng.internal.Parameters.findDataProvider(Parameters.java:336)
	at org.testng.internal.Parameters.handleParameters(Parameters.java:498)
	at org.testng.internal.Invoker.handleParameters(Invoker.java:1308)
	at org.testng.internal.Invoker.createParameters(Invoker.java:1036)
	at org.testng.internal.Invoker.invokeTestMethods(Invoker.java:1126)
	at org.testng.internal.TestMethodWorker.invokeTestMethods(TestMethodWorker.java:126)
	at org.testng.internal.TestMethodWorker.run(TestMethodWorker.java:109)
	at org.testng.TestRunner.privateRun(TestRunner.java:744)
	at org.testng.TestRunner.run(TestRunner.java:602)
	at org.testng.SuiteRunner.runTest(SuiteRunner.java:380)
	at org.testng.SuiteRunner.runSequentially(SuiteRunner.java:375)
	at org.testng.SuiteRunner.privateRun(SuiteRunner.java:340)
	at org.testng.SuiteRunner.run(SuiteRunner.java:289)
	at org.testng.SuiteRunnerWorker.runSuite(SuiteRunnerWorker.java:52)
	at org.testng.SuiteRunnerWorker.run(SuiteRunnerWorker.java:86)
	at org.testng.TestNG.runSuitesSequentially(TestNG.java:1301)
	at org.testng.TestNG.runSuitesLocally(TestNG.java:1226)
	at org.testng.TestNG.runSuites(TestNG.java:1144)
	at org.testng.TestNG.run(TestNG.java:1115)
	at org.apache.maven.surefire.testng.TestNGExecutor.run(TestNGExecutor.java:295)
	at org.apache.maven.surefire.testng.TestNGXmlTestSuite.execute(TestNGXmlTestSuite.java:84)
	at org.apache.maven.surefire.testng.TestNGProvider.invoke(TestNGProvider.java:90)
	at org.apache.maven.surefire.booter.ForkedBooter.invokeProviderInSameClassLoader(ForkedBooter.java:203)
	at org.apache.maven.surefire.booter.ForkedBooter.runSuitesInProcess(ForkedBooter.java:155)
	at org.apache.maven.surefire.booter.ForkedBooter.main(ForkedBooter.java:103)
]]>
            </full-stacktrace>
          </exception> <!-- org.testng.TestNGException -->
          <reporter-output>
          </reporter-output>
        </test-method> <!-- addCustomer -->
      </class> <!-- com.w2a.testcases.AddCustomerTest -->
      <class name="com.w2a.testcases.BankManagerLoginTest">
        <test-method status="PASS" signature="setUp()[pri:0, instance:com.w2a.testcases.BankManagerLoginTest@5afaa6]" name="setUp" is-config="true" duration-ms="37068" started-at="2018-11-11T00:05:56Z" finished-at="2018-11-11T00:06:33Z">
          <reporter-output>
          </reporter-output>
        </test-method> <!-- setUp -->
        <test-method status="PASS" signature="loginAsBankManager()[pri:0, instance:com.w2a.testcases.BankManagerLoginTest@5afaa6]" name="loginAsBankManager" duration-ms="260" started-at="2018-11-11T00:06:33Z" finished-at="2018-11-11T00:06:34Z">
          <reporter-output>
          </reporter-output>
        </test-method> <!-- loginAsBankManager -->
        <test-method status="PASS" signature="tearDown()[pri:0, instance:com.w2a.testcases.BankManagerLoginTest@5afaa6]" name="tearDown" is-config="true" duration-ms="1113" started-at="2018-11-11T00:06:34Z" finished-at="2018-11-11T00:06:35Z">
          <reporter-output>
          </reporter-output>
        </test-method> <!-- tearDown -->
      </class> <!-- com.w2a.testcases.BankManagerLoginTest -->
    </test> <!-- Regression suite 1 -->
  </suite> <!-- example suite 1 -->
</testng-results>
